# JRE version: OpenJDK Runtime Environment (11.0.8+10) (build 11.0.8+10-b944.6842174)
# Java VM: OpenJDK 64-Bit Server VM (11.0.8+10-b944.6842174, mixed mode, tiered, compressed oops, g1 gc, windows-amd64)
Heap:
 garbage-first heap   total 258048K, used 59801K [0x0000000704600000, 0x0000000800000000)
  region size 1024K, 37 young (37888K), 2 survivors (2048K)
 Metaspace       used 42338K, capacity 42819K, committed 43052K, reserved 1089536K
  class space    used 4956K, capacity 5139K, committed 5248K, reserved 1048576K
GC Heap History (10 events):
Event: 0.743 GC heap before
{Heap before GC invocations=0 (full 0):
 garbage-first heap   total 258048K, used 27648K [0x0000000704600000, 0x0000000800000000)
  region size 1024K, 24 young (24576K), 0 survivors (0K)
 Metaspace       used 12289K, capacity 12405K, committed 12544K, reserved 1060864K
  class space    used 1154K, capacity 1174K, committed 1280K, reserved 1048576K
}
Event: 0.746 GC heap after
{Heap after GC invocations=1 (full 0):
 garbage-first heap   total 258048K, used 5788K [0x0000000704600000, 0x0000000800000000)
  region size 1024K, 3 young (3072K), 3 survivors (3072K)
 Metaspace       used 12289K, capacity 12405K, committed 12544K, reserved 1060864K
  class space    used 1154K, capacity 1174K, committed 1280K, reserved 1048576K
}
Event: 1.621 GC heap before
{Heap before GC invocations=1 (full 0):
 garbage-first heap   total 258048K, used 42652K [0x0000000704600000, 0x0000000800000000)
  region size 1024K, 40 young (40960K), 3 survivors (3072K)
 Metaspace       used 20973K, capacity 21174K, committed 21248K, reserved 1069056K
  class space    used 2223K, capacity 2287K, committed 2304K, reserved 1048576K
}
Event: 1.636 GC heap after
{Heap after GC invocations=2 (full 0):
 garbage-first heap   total 258048K, used 9504K [0x0000000704600000, 0x0000000800000000)
  region size 1024K, 7 young (7168K), 7 survivors (7168K)
 Metaspace       used 20973K, capacity 21174K, committed 21248K, reserved 1069056K
  class space    used 2223K, capacity 2287K, committed 2304K, reserved 1048576K
}
Event: 3.031 GC heap before
{Heap before GC invocations=3 (full 0):
 garbage-first heap   total 258048K, used 68896K [0x0000000704600000, 0x0000000800000000)
  region size 1024K, 57 young (58368K), 7 survivors (7168K)
 Metaspace       used 29815K, capacity 30260K, committed 30592K, reserved 1077248K
  class space    used 3497K, capacity 3670K, committed 3712K, reserved 1048576K
}
Event: 3.043 GC heap after
{Heap after GC invocations=4 (full 0):
 garbage-first heap   total 258048K, used 22627K [0x0000000704600000, 0x0000000800000000)
  region size 1024K, 8 young (8192K), 8 survivors (8192K)
 Metaspace       used 29815K, capacity 30260K, committed 30592K, reserved 1077248K
  class space    used 3497K, capacity 3670K, committed 3712K, reserved 1048576K
}
Event: 3.139 GC heap before
{Heap before GC invocations=4 (full 0):
 garbage-first heap   total 258048K, used 30819K [0x0000000704600000, 0x0000000800000000)
  region size 1024K, 12 young (12288K), 8 survivors (8192K)
 Metaspace       used 30136K, capacity 30549K, committed 30848K, reserved 1077248K
  class space    used 3527K, capacity 3702K, committed 3712K, reserved 1048576K
}
Event: 3.148 GC heap after
{Heap after GC invocations=5 (full 0):
 garbage-first heap   total 258048K, used 26249K [0x0000000704600000, 0x0000000800000000)
  region size 1024K, 2 young (2048K), 2 survivors (2048K)
 Metaspace       used 30136K, capacity 30549K, committed 30848K, reserved 1077248K
  class space    used 3527K, capacity 3702K, committed 3712K, reserved 1048576K
}
Event: 3.694 GC heap before
{Heap before GC invocations=5 (full 0):
 garbage-first heap   total 258048K, used 48777K [0x0000000704600000, 0x0000000800000000)
  region size 1024K, 25 young (25600K), 2 survivors (2048K)
 Metaspace       used 34965K, capacity 35386K, committed 35628K, reserved 1081344K
  class space    used 4072K, capacity 4224K, committed 4224K, reserved 1048576K
}
Event: 3.698 GC heap after
{Heap after GC invocations=6 (full 0):
 garbage-first heap   total 258048K, used 24985K [0x0000000704600000, 0x0000000800000000)
  region size 1024K, 2 young (2048K), 2 survivors (2048K)
 Metaspace       used 34965K, capacity 35386K, committed 35628K, reserved 1081344K
  class space    used 4072K, capacity 4224K, committed 4224K, reserved 1048576K
}

